<?xml version="1.0" encoding="UTF-8"?>
<!-- Generated by org.testng.reporters.JUnitReportReporter -->
<testsuite hostname="DESKTOP-93AUPV9" failures="0" tests="1" name="Practice_Package_2.CreateAccountTest" time="0.014" errors="0" timestamp="2023-01-18T11:41:10 IST" skipped="0">
  <testcase classname="Practice_Package_2.CreateAccountTest" name="create" time="0.014"/>
  <system-out/>
</testsuite> <!-- Practice_Package_2.CreateAccountTest -->
