<?xml version="1.0" encoding="UTF-8"?>
<!-- Generated by org.testng.reporters.JUnitReportReporter -->
<testsuite hostname="DESKTOP-93AUPV9" failures="0" tests="1" name="Practice_maven.SampleTest_1" time="0.016" errors="0" timestamp="2023-01-18T09:55:52 IST" skipped="0">
  <testcase classname="Practice_maven.SampleTest_1" name="simple1" time="0.016"/>
  <system-out/>
</testsuite> <!-- Practice_maven.SampleTest_1 -->
